android/app/build/intermediates/manifest_merge_blame_file/debug/processDebugMainManifest/manifest-merger-blame-debug-report.txt
1<?xml version="1.0" encoding="utf-8"?>
2<manifest xmlns:android="http://schemas.android.com/apk/res/android"
3    package="com.example.real_life_rpg"
4    android:versionCode="1"
5    android:versionName="1.0.0" >
6
7    <uses-sdk
8        android:minSdkVersion="24"
9        android:targetSdkVersion="35" />
10    <!--
11         The INTERNET permission is required for development. Specifically,
12         the Flutter tool needs it to communicate with the running application
13         to allow setting breakpoints, to provide hot reload, etc.
14    -->
15    <uses-permission android:name="android.permission.INTERNET" />
15-->src\main\AndroidManifest.xml:4:5-67
15-->src\main\AndroidManifest.xml:4:22-64
16    <!-- AR Permissions -->
17    <uses-permission android:name="android.permission.CAMERA" /> <!-- Sensor and Activity Recognition Permissions -->
17-->src\main\AndroidManifest.xml:3:5-65
17-->src\main\AndroidManifest.xml:3:22-62
18    <uses-permission android:name="android.permission.ACTIVITY_RECOGNITION" />
18-->src\main\AndroidManifest.xml:7:5-79
18-->src\main\AndroidManifest.xml:7:22-76
19    <uses-permission android:name="android.permission.BODY_SENSORS" />
19-->src\main\AndroidManifest.xml:8:5-71
19-->src\main\AndroidManifest.xml:8:22-68
20    <uses-permission android:name="android.permission.MOTION_SENSORS" />
20-->src\main\AndroidManifest.xml:9:5-73
20-->src\main\AndroidManifest.xml:9:22-70
21    <uses-permission android:name="android.permission.WAKE_LOCK" />
21-->src\main\AndroidManifest.xml:10:5-68
21-->src\main\AndroidManifest.xml:10:22-65
22    <uses-permission android:name="android.permission.VIBRATE" /> <!-- Foreground Service Permissions -->
22-->src\main\AndroidManifest.xml:11:5-66
22-->src\main\AndroidManifest.xml:11:22-63
23    <uses-permission android:name="android.permission.FOREGROUND_SERVICE" />
23-->src\main\AndroidManifest.xml:14:5-77
23-->src\main\AndroidManifest.xml:14:22-74
24    <uses-permission android:name="android.permission.FOREGROUND_SERVICE_HEALTH" />
24-->src\main\AndroidManifest.xml:15:5-84
24-->src\main\AndroidManifest.xml:15:22-81
25    <uses-permission android:name="android.permission.POST_NOTIFICATIONS" />
25-->src\main\AndroidManifest.xml:16:5-77
25-->src\main\AndroidManifest.xml:16:22-74
26    <uses-permission android:name="android.permission.RECEIVE_BOOT_COMPLETED" /> <!-- Location for better activity tracking (optional but recommended) -->
26-->src\main\AndroidManifest.xml:17:5-81
26-->src\main\AndroidManifest.xml:17:22-78
27    <uses-permission android:name="android.permission.ACCESS_FINE_LOCATION" />
27-->src\main\AndroidManifest.xml:20:5-79
27-->src\main\AndroidManifest.xml:20:22-76
28    <uses-permission android:name="android.permission.ACCESS_COARSE_LOCATION" /> <!-- AR Features -->
28-->src\main\AndroidManifest.xml:21:5-81
28-->src\main\AndroidManifest.xml:21:22-78
29    <uses-feature
29-->src\main\AndroidManifest.xml:24:5-87
30        android:name="android.hardware.camera.ar"
30-->src\main\AndroidManifest.xml:24:19-60
31        android:required="false" />
31-->src\main\AndroidManifest.xml:24:61-85
32    <uses-feature
32-->src\main\AndroidManifest.xml:25:5-84
33        android:name="android.hardware.camera"
33-->src\main\AndroidManifest.xml:25:19-57
34        android:required="false" />
34-->src\main\AndroidManifest.xml:25:58-82
35    <uses-feature
35-->src\main\AndroidManifest.xml:26:5-96
36        android:name="android.hardware.sensor.stepcounter"
36-->src\main\AndroidManifest.xml:26:19-69
37        android:required="false" />
37-->src\main\AndroidManifest.xml:26:70-94
38    <uses-feature
38-->src\main\AndroidManifest.xml:27:5-98
39        android:name="android.hardware.sensor.accelerometer"
39-->src\main\AndroidManifest.xml:27:19-71
40        android:required="false" />
40-->src\main\AndroidManifest.xml:27:72-96
41    <uses-feature
41-->src\main\AndroidManifest.xml:28:5-94
42        android:name="android.hardware.sensor.gyroscope"
42-->src\main\AndroidManifest.xml:28:19-67
43        android:required="false" />
43-->src\main\AndroidManifest.xml:28:68-92
44    <!--
45 Required to query activities that can process text, see:
46         https://developer.android.com/training/package-visibility and
47         https://developer.android.com/reference/android/content/Intent#ACTION_PROCESS_TEXT.
48
49         In particular, this is used by the Flutter engine in io.flutter.plugin.text.ProcessTextPlugin.
50    -->
51    <queries>
51-->src\main\AndroidManifest.xml:69:5-74:15
52        <intent>
52-->src\main\AndroidManifest.xml:70:9-73:18
53            <action android:name="android.intent.action.PROCESS_TEXT" />
53-->src\main\AndroidManifest.xml:71:13-72
53-->src\main\AndroidManifest.xml:71:21-70
54
55            <data android:mimeType="text/plain" />
55-->src\main\AndroidManifest.xml:72:13-50
55-->src\main\AndroidManifest.xml:72:19-48
56        </intent>
57    </queries>
58
59    <uses-permission android:name="android.permission.ACCESS_NETWORK_STATE" />
59-->[:firebase_messaging] AndroidManifest.xml:9:5-79
59-->[:firebase_messaging] AndroidManifest.xml:9:22-76
60    <uses-permission android:name="android.permission.WRITE_EXTERNAL_STORAGE" />
60-->[:flutter_native_screenshot] AndroidManifest.xml:7:5-81
60-->[:flutter_native_screenshot] AndroidManifest.xml:7:22-78
61    <uses-permission android:name="android.permission.READ_EXTERNAL_STORAGE" /> <!-- Required by older versions of Google Play services to create IID tokens -->
62    <uses-permission android:name="com.google.android.c2dm.permission.RECEIVE" />
62-->[com.google.firebase:firebase-messaging:25.0.1] AndroidManifest.xml:26:5-82
62-->[com.google.firebase:firebase-messaging:25.0.1] AndroidManifest.xml:26:22-79
63    <uses-permission android:name="com.google.android.providers.gsf.permission.READ_GSERVICES" />
63-->[com.google.android.recaptcha:recaptcha:18.6.1] AndroidManifest.xml:9:5-98
63-->[com.google.android.recaptcha:recaptcha:18.6.1] AndroidManifest.xml:9:22-95
64
65    <permission
65-->[androidx.core:core:1.13.1] AndroidManifest.xml:22:5-24:47
66        android:name="com.example.real_life_rpg.DYNAMIC_RECEIVER_NOT_EXPORTED_PERMISSION"
66-->[androidx.core:core:1.13.1] AndroidManifest.xml:23:9-81
67        android:protectionLevel="signature" />
67-->[androidx.core:core:1.13.1] AndroidManifest.xml:24:9-44
68
69    <uses-permission android:name="com.example.real_life_rpg.DYNAMIC_RECEIVER_NOT_EXPORTED_PERMISSION" />
69-->[androidx.core:core:1.13.1] AndroidManifest.xml:26:5-97
69-->[androidx.core:core:1.13.1] AndroidManifest.xml:26:22-94
70
71    <application
72        android:name="android.app.Application"
73        android:appComponentFactory="androidx.core.app.CoreComponentFactory"
73-->[androidx.core:core:1.13.1] AndroidManifest.xml:28:18-86
74        android:debuggable="true"
75        android:extractNativeLibs="false"
76        android:icon="@mipmap/ic_launcher"
77        android:label="goalplay"
78        android:usesCleartextTraffic="true" >
79        <activity
80            android:name="com.example.real_life_rpg.MainActivity"
81            android:configChanges="orientation|keyboardHidden|keyboard|screenSize|smallestScreenSize|locale|layoutDirection|fontScale|screenLayout|density|uiMode"
82            android:exported="true"
83            android:hardwareAccelerated="true"
84            android:launchMode="singleTop"
85            android:taskAffinity=""
86            android:theme="@style/LaunchTheme"
87            android:windowSoftInputMode="adjustResize" >
88
89            <!--
90                 Specifies an Android theme to apply to this Activity as soon as
91                 the Android process has started. This theme is visible to the user
92                 while the Flutter UI initializes. After that, this theme continues
93                 to determine the Window background behind the Flutter UI.
94            -->
95            <meta-data
96                android:name="io.flutter.embedding.android.NormalTheme"
97                android:resource="@style/NormalTheme" />
98
99            <intent-filter>
100                <action android:name="android.intent.action.MAIN" />
101
102                <category android:name="android.intent.category.LAUNCHER" />
103            </intent-filter>
104        </activity>
105        <!--
106             Don't delete the meta-data below.
107             This is used by the Flutter tool to generate GeneratedPluginRegistrant.java
108        -->
109        <meta-data
110            android:name="flutterEmbedding"
111            android:value="2" />
112
113        <receiver
113-->[:flutter_foreground_task] AndroidManifest.xml:8:9-15:20
114            android:name="com.example.real_life_rpg.activity_recognition.service.BootReceiver"
114-->[:flutter_foreground_task] AndroidManifest.xml:9:13-95
115            android:enabled="true"
115-->[:flutter_foreground_task] AndroidManifest.xml:10:13-35
116            android:exported="true" >
116-->[:flutter_foreground_task] AndroidManifest.xml:11:13-36
117            <intent-filter>
117-->[:flutter_foreground_task] AndroidManifest.xml:12:13-14:29
118                <action android:name="android.intent.action.BOOT_COMPLETED" />
118-->[:flutter_foreground_task] AndroidManifest.xml:13:17-79
118-->[:flutter_foreground_task] AndroidManifest.xml:13:25-76
119            </intent-filter>
120        </receiver>
121        <receiver
121-->[:flutter_foreground_task] AndroidManifest.xml:16:9-19:40
122            android:name="com.example.real_life_rpg.activity_recognition.service.RestartReceiver"
122-->[:flutter_foreground_task] AndroidManifest.xml:17:13-98
123            android:enabled="true"
123-->[:flutter_foreground_task] AndroidManifest.xml:18:13-35
124            android:exported="false" />
124-->[:flutter_foreground_task] AndroidManifest.xml:19:13-37
125        <!--
126           Declares a provider which allows us to store files to share in
127           '.../caches/share_plus' and grant the receiving action access
128        -->
129        <provider
129-->[:share_plus] AndroidManifest.xml:13:9-21:20
130            android:name="dev.fluttercommunity.plus.share.ShareFileProvider"
130-->[:share_plus] AndroidManifest.xml:14:13-77
131            android:authorities="com.example.real_life_rpg.flutter.share_provider"
131-->[:share_plus] AndroidManifest.xml:15:13-74
132            android:exported="false"
132-->[:share_plus] AndroidManifest.xml:16:13-37
133            android:grantUriPermissions="true" >
133-->[:share_plus] AndroidManifest.xml:17:13-47
134            <meta-data
134-->[:share_plus] AndroidManifest.xml:18:13-20:68
135                android:name="android.support.FILE_PROVIDER_PATHS"
135-->[:share_plus] AndroidManifest.xml:19:17-67
136                android:resource="@xml/flutter_share_file_paths" />
136-->[:share_plus] AndroidManifest.xml:20:17-65
137        </provider>
138        <!--
139           This manifest declared broadcast receiver allows us to use an explicit
140           Intent when creating a PendingItent to be informed of the user's choice
141        -->
142        <receiver
142-->[:share_plus] AndroidManifest.xml:26:9-32:20
143            android:name="dev.fluttercommunity.plus.share.SharePlusPendingIntent"
143-->[:share_plus] AndroidManifest.xml:27:13-82
144            android:exported="false" >
144-->[:share_plus] AndroidManifest.xml:28:13-37
145            <intent-filter>
145-->[:share_plus] AndroidManifest.xml:29:13-31:29
146                <action android:name="EXTRA_CHOSEN_COMPONENT" />
146-->[:share_plus] AndroidManifest.xml:30:17-65
146-->[:share_plus] AndroidManifest.xml:30:25-62
147            </intent-filter>
148        </receiver>
149        <receiver
149-->[:flutter_activity_recognition] AndroidManifest.xml:9:9-13:47
150            android:name="com.example.real_life_rpg.activity_recognition.service.ActivityRecognitionIntentReceiver"
150-->[:flutter_activity_recognition] AndroidManifest.xml:10:13-116
151            android:enabled="true"
151-->[:flutter_activity_recognition] AndroidManifest.xml:11:13-35
152            android:exported="true" />
152-->[:flutter_activity_recognition] AndroidManifest.xml:12:13-36
153
154        <service
154-->[:flutter_activity_recognition] AndroidManifest.xml:15:9-19:72
155            android:name="com.example.real_life_rpg.activity_recognition.service.ActivityRecognitionIntentService"
155-->[:flutter_activity_recognition] AndroidManifest.xml:16:13-115
156            android:enabled="true"
156-->[:flutter_activity_recognition] AndroidManifest.xml:17:13-35
157            android:exported="false"
157-->[:flutter_activity_recognition] AndroidManifest.xml:18:13-37
158            android:permission="android.permission.BIND_JOB_SERVICE" />
158-->[:flutter_activity_recognition] AndroidManifest.xml:19:13-69
159        <service
159-->[:geolocator_android] AndroidManifest.xml:8:9-12:56
160            android:name="com.baseflow.geolocator.GeolocatorLocationService"
160-->[:geolocator_android] AndroidManifest.xml:9:13-77
161            android:enabled="true"
161-->[:geolocator_android] AndroidManifest.xml:10:13-35
162            android:exported="false"
162-->[:geolocator_android] AndroidManifest.xml:11:13-37
163            android:foregroundServiceType="location" />
163-->[:geolocator_android] AndroidManifest.xml:12:13-53
164
165        <provider
165-->[:image_picker_android] AndroidManifest.xml:9:9-17:20
166            android:name="io.flutter.plugins.imagepicker.ImagePickerFileProvider"
166-->[:image_picker_android] AndroidManifest.xml:10:13-82
167            android:authorities="com.example.real_life_rpg.flutter.image_provider"
167-->[:image_picker_android] AndroidManifest.xml:11:13-74
168            android:exported="false"
168-->[:image_picker_android] AndroidManifest.xml:12:13-37
169            android:grantUriPermissions="true" >
169-->[:image_picker_android] AndroidManifest.xml:13:13-47
170            <meta-data
170-->[:share_plus] AndroidManifest.xml:18:13-20:68
171                android:name="android.support.FILE_PROVIDER_PATHS"
171-->[:share_plus] AndroidManifest.xml:19:17-67
172                android:resource="@xml/flutter_image_picker_file_paths" />
172-->[:share_plus] AndroidManifest.xml:20:17-65
173        </provider> <!-- Trigger Google Play services to install the backported photo picker module. -->
174        <service
174-->[:image_picker_android] AndroidManifest.xml:19:9-31:19
175            android:name="com.google.android.gms.metadata.ModuleDependencies"
175-->[:image_picker_android] AndroidManifest.xml:20:13-78
176            android:enabled="false"
176-->[:image_picker_android] AndroidManifest.xml:21:13-36
177            android:exported="false" >
177-->[:image_picker_android] AndroidManifest.xml:22:13-37
178            <intent-filter>
178-->[:image_picker_android] AndroidManifest.xml:24:13-26:29
179                <action android:name="com.google.android.gms.metadata.MODULE_DEPENDENCIES" />
179-->[:image_picker_android] AndroidManifest.xml:25:17-94
179-->[:image_picker_android] AndroidManifest.xml:25:25-91
180            </intent-filter>
181
182            <meta-data
182-->[:image_picker_android] AndroidManifest.xml:28:13-30:36
183                android:name="photopicker_activity:0:required"
183-->[:image_picker_android] AndroidManifest.xml:29:17-63
184                android:value="" />
184-->[:image_picker_android] AndroidManifest.xml:30:17-33
185        </service>
186
187        <activity
187-->[:url_launcher_android] AndroidManifest.xml:8:9-11:74
188            android:name="io.flutter.plugins.urllauncher.WebViewActivity"
188-->[:url_launcher_android] AndroidManifest.xml:9:13-74
189            android:exported="false"
189-->[:url_launcher_android] AndroidManifest.xml:10:13-37
190            android:theme="@android:style/Theme.NoTitleBar.Fullscreen" />
190-->[:url_launcher_android] AndroidManifest.xml:11:13-71
191
192        <service
192-->[:cloud_firestore] AndroidManifest.xml:8:9-12:19
193            android:name="com.google.firebase.components.ComponentDiscoveryService"
193-->[:cloud_firestore] AndroidManifest.xml:8:18-89
194            android:directBootAware="true"
194-->[com.google.firebase:firebase-common:22.0.1] AndroidManifest.xml:32:13-43
195            android:exported="false" >
195-->[com.google.firebase:firebase-auth:24.0.1] AndroidManifest.xml:68:13-37
196            <meta-data
196-->[:cloud_firestore] AndroidManifest.xml:9:13-11:85
197                android:name="com.google.firebase.components:io.flutter.plugins.firebase.firestore.FlutterFirebaseFirestoreRegistrar"
197-->[:cloud_firestore] AndroidManifest.xml:10:17-134
198                android:value="com.google.firebase.components.ComponentRegistrar" />
198-->[:cloud_firestore] AndroidManifest.xml:11:17-82
199            <meta-data
199-->[:firebase_auth] AndroidManifest.xml:9:13-11:85
200                android:name="com.google.firebase.components:io.flutter.plugins.firebase.auth.FlutterFirebaseAuthRegistrar"
200-->[:firebase_auth] AndroidManifest.xml:10:17-124
201                android:value="com.google.firebase.components.ComponentRegistrar" />
201-->[:firebase_auth] AndroidManifest.xml:11:17-82
202            <meta-data
202-->[:firebase_messaging] AndroidManifest.xml:36:13-38:85
203                android:name="com.google.firebase.components:io.flutter.plugins.firebase.messaging.FlutterFirebaseAppRegistrar"
203-->[:firebase_messaging] AndroidManifest.xml:37:17-128
204                android:value="com.google.firebase.components.ComponentRegistrar" />
204-->[:firebase_messaging] AndroidManifest.xml:38:17-82
205            <meta-data
205-->[:firebase_core] AndroidManifest.xml:9:13-11:85
206                android:name="com.google.firebase.components:io.flutter.plugins.firebase.core.FlutterFirebaseCoreRegistrar"
206-->[:firebase_core] AndroidManifest.xml:10:17-124
207                android:value="com.google.firebase.components.ComponentRegistrar" />
207-->[:firebase_core] AndroidManifest.xml:11:17-82
208            <meta-data
208-->[com.google.firebase:firebase-auth:24.0.1] AndroidManifest.xml:69:13-71:85
209                android:name="com.google.firebase.components:com.google.firebase.auth.FirebaseAuthRegistrar"
209-->[com.google.firebase:firebase-auth:24.0.1] AndroidManifest.xml:70:17-109
210                android:value="com.google.firebase.components.ComponentRegistrar" />
210-->[com.google.firebase:firebase-auth:24.0.1] AndroidManifest.xml:71:17-82
211            <meta-data
211-->[com.google.firebase:firebase-firestore:26.0.2] AndroidManifest.xml:17:13-19:85
212                android:name="com.google.firebase.components:com.google.firebase.firestore.FirebaseFirestoreKtxRegistrar"
212-->[com.google.firebase:firebase-firestore:26.0.2] AndroidManifest.xml:18:17-122
213                android:value="com.google.firebase.components.ComponentRegistrar" />
213-->[com.google.firebase:firebase-firestore:26.0.2] AndroidManifest.xml:19:17-82
214            <meta-data
214-->[com.google.firebase:firebase-firestore:26.0.2] AndroidManifest.xml:20:13-22:85
215                android:name="com.google.firebase.components:com.google.firebase.firestore.FirestoreRegistrar"
215-->[com.google.firebase:firebase-firestore:26.0.2] AndroidManifest.xml:21:17-111
216                android:value="com.google.firebase.components.ComponentRegistrar" />
216-->[com.google.firebase:firebase-firestore:26.0.2] AndroidManifest.xml:22:17-82
217            <meta-data
217-->[com.google.firebase:firebase-messaging:25.0.1] AndroidManifest.xml:57:13-59:85
218                android:name="com.google.firebase.components:com.google.firebase.messaging.FirebaseMessagingKtxRegistrar"
218-->[com.google.firebase:firebase-messaging:25.0.1] AndroidManifest.xml:58:17-122
219                android:value="com.google.firebase.components.ComponentRegistrar" />
219-->[com.google.firebase:firebase-messaging:25.0.1] AndroidManifest.xml:59:17-82
220            <meta-data
220-->[com.google.firebase:firebase-messaging:25.0.1] AndroidManifest.xml:60:13-62:85
221                android:name="com.google.firebase.components:com.google.firebase.messaging.FirebaseMessagingRegistrar"
221-->[com.google.firebase:firebase-messaging:25.0.1] AndroidManifest.xml:61:17-119
222                android:value="com.google.firebase.components.ComponentRegistrar" />
222-->[com.google.firebase:firebase-messaging:25.0.1] AndroidManifest.xml:62:17-82
223            <meta-data
223-->[com.google.firebase:firebase-installations:19.0.1] AndroidManifest.xml:15:13-17:85
224                android:name="com.google.firebase.components:com.google.firebase.installations.FirebaseInstallationsKtxRegistrar"
224-->[com.google.firebase:firebase-installations:19.0.1] AndroidManifest.xml:16:17-130
225                android:value="com.google.firebase.components.ComponentRegistrar" />
225-->[com.google.firebase:firebase-installations:19.0.1] AndroidManifest.xml:17:17-82
226            <meta-data
226-->[com.google.firebase:firebase-installations:19.0.1] AndroidManifest.xml:18:13-20:85
227                android:name="com.google.firebase.components:com.google.firebase.installations.FirebaseInstallationsRegistrar"
227-->[com.google.firebase:firebase-installations:19.0.1] AndroidManifest.xml:19:17-127
228                android:value="com.google.firebase.components.ComponentRegistrar" />
228-->[com.google.firebase:firebase-installations:19.0.1] AndroidManifest.xml:20:17-82
229            <meta-data
229-->[com.google.firebase:firebase-common:22.0.1] AndroidManifest.xml:35:13-37:85
230                android:name="com.google.firebase.components:com.google.firebase.FirebaseCommonKtxRegistrar"
230-->[com.google.firebase:firebase-common:22.0.1] AndroidManifest.xml:36:17-109
231                android:value="com.google.firebase.components.ComponentRegistrar" />
231-->[com.google.firebase:firebase-common:22.0.1] AndroidManifest.xml:37:17-82
232            <meta-data
232-->[com.google.firebase:firebase-datatransport:18.2.0] AndroidManifest.xml:25:13-27:85
233                android:name="com.google.firebase.components:com.google.firebase.datatransport.TransportRegistrar"
233-->[com.google.firebase:firebase-datatransport:18.2.0] AndroidManifest.xml:26:17-115
234                android:value="com.google.firebase.components.ComponentRegistrar" />
234-->[com.google.firebase:firebase-datatransport:18.2.0] AndroidManifest.xml:27:17-82
235        </service>
236        <service
236-->[:firebase_messaging] AndroidManifest.xml:14:9-17:72
237            android:name="io.flutter.plugins.firebase.messaging.FlutterFirebaseMessagingBackgroundService"
237-->[:firebase_messaging] AndroidManifest.xml:15:13-107
238            android:exported="false"
238-->[:firebase_messaging] AndroidManifest.xml:16:13-37
239            android:permission="android.permission.BIND_JOB_SERVICE" />
239-->[:firebase_messaging] AndroidManifest.xml:17:13-69
240        <service
240-->[:firebase_messaging] AndroidManifest.xml:18:9-24:19
241            android:name="io.flutter.plugins.firebase.messaging.FlutterFirebaseMessagingService"
241-->[:firebase_messaging] AndroidManifest.xml:19:13-97
242            android:exported="false" >
242-->[:firebase_messaging] AndroidManifest.xml:20:13-37
243            <intent-filter>
243-->[:firebase_messaging] AndroidManifest.xml:21:13-23:29
244                <action android:name="com.google.firebase.MESSAGING_EVENT" />
244-->[:firebase_messaging] AndroidManifest.xml:22:17-78
244-->[:firebase_messaging] AndroidManifest.xml:22:25-75
245            </intent-filter>
246        </service>
247
248        <receiver
248-->[:firebase_messaging] AndroidManifest.xml:26:9-33:20
249            android:name="io.flutter.plugins.firebase.messaging.FlutterFirebaseMessagingReceiver"
249-->[:firebase_messaging] AndroidManifest.xml:27:13-98
250            android:exported="true"
250-->[:firebase_messaging] AndroidManifest.xml:28:13-36
251            android:permission="com.google.android.c2dm.permission.SEND" >
251-->[:firebase_messaging] AndroidManifest.xml:29:13-73
252            <intent-filter>
252-->[:firebase_messaging] AndroidManifest.xml:30:13-32:29
253                <action android:name="com.google.android.c2dm.intent.RECEIVE" />
253-->[:firebase_messaging] AndroidManifest.xml:31:17-81
253-->[:firebase_messaging] AndroidManifest.xml:31:25-78
254            </intent-filter>
255        </receiver>
256
257        <provider
257-->[:firebase_messaging] AndroidManifest.xml:41:9-45:38
258            android:name="io.flutter.plugins.firebase.messaging.FlutterFirebaseMessagingInitProvider"
258-->[:firebase_messaging] AndroidManifest.xml:42:13-102
259            android:authorities="com.example.real_life_rpg.flutterfirebasemessaginginitprovider"
259-->[:firebase_messaging] AndroidManifest.xml:43:13-88
260            android:exported="false"
260-->[:firebase_messaging] AndroidManifest.xml:44:13-37
261            android:initOrder="99" />
261-->[:firebase_messaging] AndroidManifest.xml:45:13-35
262        <!--
263        Service for holding metadata. Cannot be instantiated.
264        Metadata will be merged from other manifests.
265        -->
266        <service
266-->[androidx.camera:camera-core:1.3.1] AndroidManifest.xml:29:9-33:78
267            android:name="androidx.camera.core.impl.MetadataHolderService"
267-->[androidx.camera:camera-core:1.3.1] AndroidManifest.xml:30:13-75
268            android:enabled="false"
268-->[androidx.camera:camera-core:1.3.1] AndroidManifest.xml:31:13-36
269            android:exported="false" >
269-->[androidx.camera:camera-core:1.3.1] AndroidManifest.xml:32:13-37
270            <meta-data
270-->[androidx.camera:camera-camera2:1.3.1] AndroidManifest.xml:30:13-32:89
271                android:name="androidx.camera.core.impl.MetadataHolderService.DEFAULT_CONFIG_PROVIDER"
271-->[androidx.camera:camera-camera2:1.3.1] AndroidManifest.xml:31:17-103
272                android:value="androidx.camera.camera2.Camera2Config$DefaultProvider" />
272-->[androidx.camera:camera-camera2:1.3.1] AndroidManifest.xml:32:17-86
273        </service>
274
275        <activity
275-->[com.google.firebase:firebase-auth:24.0.1] AndroidManifest.xml:29:9-46:20
276            android:name="com.google.firebase.auth.internal.GenericIdpActivity"
276-->[com.google.firebase:firebase-auth:24.0.1] AndroidManifest.xml:30:13-80
277            android:excludeFromRecents="true"
277-->[com.google.firebase:firebase-auth:24.0.1] AndroidManifest.xml:31:13-46
278            android:exported="true"
278-->[com.google.firebase:firebase-auth:24.0.1] AndroidManifest.xml:32:13-36
279            android:launchMode="singleTask"
279-->[com.google.firebase:firebase-auth:24.0.1] AndroidManifest.xml:33:13-44
280            android:theme="@android:style/Theme.Translucent.NoTitleBar" >
280-->[com.google.firebase:firebase-auth:24.0.1] AndroidManifest.xml:34:13-72
281            <intent-filter>
281-->[com.google.firebase:firebase-auth:24.0.1] AndroidManifest.xml:35:13-45:29
282                <action android:name="android.intent.action.VIEW" />
282-->[com.google.firebase:firebase-auth:24.0.1] AndroidManifest.xml:36:17-69
282-->[com.google.firebase:firebase-auth:24.0.1] AndroidManifest.xml:36:25-66
283
284                <category android:name="android.intent.category.DEFAULT" />
284-->[com.google.firebase:firebase-auth:24.0.1] AndroidManifest.xml:38:17-76
284-->[com.google.firebase:firebase-auth:24.0.1] AndroidManifest.xml:38:27-73
285                <category android:name="android.intent.category.BROWSABLE" />
285-->[com.google.firebase:firebase-auth:24.0.1] AndroidManifest.xml:39:17-78
285-->[com.google.firebase:firebase-auth:24.0.1] AndroidManifest.xml:39:27-75
286
287                <data
287-->src\main\AndroidManifest.xml:72:13-50
288                    android:host="firebase.auth"
289                    android:path="/"
290                    android:scheme="genericidp" />
291            </intent-filter>
292        </activity>
293        <activity
293-->[com.google.firebase:firebase-auth:24.0.1] AndroidManifest.xml:47:9-64:20
294            android:name="com.google.firebase.auth.internal.RecaptchaActivity"
294-->[com.google.firebase:firebase-auth:24.0.1] AndroidManifest.xml:48:13-79
295            android:excludeFromRecents="true"
295-->[com.google.firebase:firebase-auth:24.0.1] AndroidManifest.xml:49:13-46
296            android:exported="true"
296-->[com.google.firebase:firebase-auth:24.0.1] AndroidManifest.xml:50:13-36
297            android:launchMode="singleTask"
297-->[com.google.firebase:firebase-auth:24.0.1] AndroidManifest.xml:51:13-44
298            android:theme="@android:style/Theme.Translucent.NoTitleBar" >
298-->[com.google.firebase:firebase-auth:24.0.1] AndroidManifest.xml:52:13-72
299            <intent-filter>
299-->[com.google.firebase:firebase-auth:24.0.1] AndroidManifest.xml:53:13-63:29
300                <action android:name="android.intent.action.VIEW" />
300-->[com.google.firebase:firebase-auth:24.0.1] AndroidManifest.xml:36:17-69
300-->[com.google.firebase:firebase-auth:24.0.1] AndroidManifest.xml:36:25-66
301
302                <category android:name="android.intent.category.DEFAULT" />
302-->[com.google.firebase:firebase-auth:24.0.1] AndroidManifest.xml:38:17-76
302-->[com.google.firebase:firebase-auth:24.0.1] AndroidManifest.xml:38:27-73
303                <category android:name="android.intent.category.BROWSABLE" />
303-->[com.google.firebase:firebase-auth:24.0.1] AndroidManifest.xml:39:17-78
303-->[com.google.firebase:firebase-auth:24.0.1] AndroidManifest.xml:39:27-75
304
305                <data
305-->src\main\AndroidManifest.xml:72:13-50
306                    android:host="firebase.auth"
307                    android:path="/"
308                    android:scheme="recaptcha" />
309            </intent-filter>
310        </activity>
311
312        <uses-library
312-->[androidx.window:window:1.2.0] AndroidManifest.xml:23:9-25:40
313            android:name="androidx.window.extensions"